0 info it worked if it ends with ok
1 verbose cli [ '/usr/bin/node', '/usr/bin/npm', '-g', 'install', 'prompt' ]
2 info using npm@1.4.28
3 info using node@v0.10.40
4 verbose node symlink /usr/bin/node
5 verbose cache add [ 'prompt', null ]
6 verbose cache add name=undefined spec="prompt" args=["prompt",null]
7 verbose parsed url { protocol: null,
7 verbose parsed url   slashes: null,
7 verbose parsed url   auth: null,
7 verbose parsed url   host: null,
7 verbose parsed url   port: null,
7 verbose parsed url   hostname: null,
7 verbose parsed url   hash: null,
7 verbose parsed url   search: null,
7 verbose parsed url   query: null,
7 verbose parsed url   pathname: 'prompt',
7 verbose parsed url   path: 'prompt',
7 verbose parsed url   href: 'prompt' }
8 silly lockFile 9c7e05e5-prompt prompt
9 verbose lock prompt /home/pi/.npm/9c7e05e5-prompt.lock
10 silly lockFile 9c7e05e5-prompt prompt
11 silly lockFile 9c7e05e5-prompt prompt
12 verbose addNamed [ 'prompt', '' ]
13 verbose addNamed [ null, '*' ]
14 silly lockFile 038de136-prompt prompt@
15 verbose lock prompt@ /home/pi/.npm/038de136-prompt.lock
16 silly addNameRange { name: 'prompt', range: '*', hasData: false }
17 verbose request where is /prompt
18 verbose request registry https://registry.npmjs.org/
19 verbose request id 8d419ebd3740303d
20 verbose url raw /prompt
21 verbose url resolving [ 'https://registry.npmjs.org/', './prompt' ]
22 verbose url resolved https://registry.npmjs.org/prompt
23 verbose request where is https://registry.npmjs.org/prompt
24 info trying registry request attempt 1 at 21:02:04
25 http GET https://registry.npmjs.org/prompt
26 http 200 https://registry.npmjs.org/prompt
27 silly registry.get cb [ 200,
27 silly registry.get   { server: 'CouchDB/1.5.0 (Erlang OTP/R16B03)',
27 silly registry.get     etag: '"7B17ODZX11EMJ2T2586TVRXT3"',
27 silly registry.get     'content-type': 'application/json',
27 silly registry.get     'cache-control': 'max-age=300',
27 silly registry.get     'content-length': '44055',
27 silly registry.get     'accept-ranges': 'bytes',
27 silly registry.get     date: 'Sun, 10 Jan 2016 00:02:06 GMT',
27 silly registry.get     via: '1.1 varnish',
27 silly registry.get     age: '237',
27 silly registry.get     connection: 'keep-alive',
27 silly registry.get     'x-served-by': 'cache-iad2122-IAD',
27 silly registry.get     'x-cache': 'HIT',
27 silly registry.get     'x-cache-hits': '1',
27 silly registry.get     'x-timer': 'S1452384126.678815,VS0,VE0',
27 silly registry.get     vary: 'Accept' } ]
28 silly addNameRange number 2 { name: 'prompt', range: '*', hasData: true }
29 silly addNameRange versions [ 'prompt',
29 silly addNameRange   [ '0.0.1',
29 silly addNameRange     '0.0.2',
29 silly addNameRange     '0.0.3',
29 silly addNameRange     '0.0.4',
29 silly addNameRange     '0.1.0',
29 silly addNameRange     '0.1.1',
29 silly addNameRange     '0.1.2',
29 silly addNameRange     '0.1.3',
29 silly addNameRange     '0.1.4',
29 silly addNameRange     '0.1.5',
29 silly addNameRange     '0.1.7',
29 silly addNameRange     '0.1.8',
29 silly addNameRange     '0.1.9',
29 silly addNameRange     '0.1.10',
29 silly addNameRange     '0.1.11',
29 silly addNameRange     '0.1.12',
29 silly addNameRange     '0.2.0',
29 silly addNameRange     '0.2.1',
29 silly addNameRange     '0.2.2',
29 silly addNameRange     '0.2.3',
29 silly addNameRange     '0.2.4',
29 silly addNameRange     '0.2.5',
29 silly addNameRange     '0.2.6',
29 silly addNameRange     '0.2.7',
29 silly addNameRange     '0.2.8',
29 silly addNameRange     '0.2.9',
29 silly addNameRange     '0.2.10',
29 silly addNameRange     '0.2.11',
29 silly addNameRange     '0.2.12',
29 silly addNameRange     '0.2.13',
29 silly addNameRange     '0.2.14' ] ]
30 verbose addNamed [ 'prompt', '0.2.14' ]
31 verbose addNamed [ '0.2.14', '0.2.14' ]
32 silly lockFile e336d148-prompt-0-2-14 prompt@0.2.14
33 verbose lock prompt@0.2.14 /home/pi/.npm/e336d148-prompt-0-2-14.lock
34 silly lockFile 9af7893b-mjs-org-prompt-prompt-0-2-14-tgz https://registry.npmjs.org/prompt/-/prompt-0.2.14.tgz
35 verbose lock https://registry.npmjs.org/prompt/-/prompt-0.2.14.tgz /home/pi/.npm/9af7893b-mjs-org-prompt-prompt-0-2-14-tgz.lock
36 verbose addRemoteTarball [ 'https://registry.npmjs.org/prompt/-/prompt-0.2.14.tgz',
36 verbose addRemoteTarball   '57754f64f543fd7b0845707c818ece618f05ffdc' ]
37 info retry fetch attempt 1 at 21:02:07
38 verbose fetch to= /tmp/npm-2442-D-1lCTwS/registry.npmjs.org/prompt/-/prompt-0.2.14.tgz
39 http GET https://registry.npmjs.org/prompt/-/prompt-0.2.14.tgz
40 http 200 https://registry.npmjs.org/prompt/-/prompt-0.2.14.tgz
41 silly lockFile 9af7893b-mjs-org-prompt-prompt-0-2-14-tgz https://registry.npmjs.org/prompt/-/prompt-0.2.14.tgz
42 silly lockFile 9af7893b-mjs-org-prompt-prompt-0-2-14-tgz https://registry.npmjs.org/prompt/-/prompt-0.2.14.tgz
43 silly lockFile e336d148-prompt-0-2-14 prompt@0.2.14
44 silly lockFile e336d148-prompt-0-2-14 prompt@0.2.14
45 silly lockFile 038de136-prompt prompt@
46 silly lockFile 038de136-prompt prompt@
47 silly resolved [ { name: 'prompt',
47 silly resolved     description: 'A beautiful command-line prompt for node.js',
47 silly resolved     version: '0.2.14',
47 silly resolved     author: { name: 'Nodejitsu Inc.', email: 'info@nodejitsu.com' },
47 silly resolved     maintainers: [ [Object], [Object], [Object], [Object] ],
47 silly resolved     repository: { type: 'git', url: 'http://github.com/flatiron/prompt.git' },
47 silly resolved     dependencies:
47 silly resolved      { pkginfo: '0.x.x',
47 silly resolved        read: '1.0.x',
47 silly resolved        revalidator: '0.1.x',
47 silly resolved        utile: '0.2.x',
47 silly resolved        winston: '0.8.x' },
47 silly resolved     devDependencies: { vows: '0.7.0' },
47 silly resolved     main: './lib/prompt',
47 silly resolved     scripts:
47 silly resolved      { test: 'vows test/prompt-test.js --spec',
47 silly resolved        'test-all': 'vows --spec' },
47 silly resolved     engines: { node: '>= 0.6.6' },
47 silly resolved     gitHead: 'e1d3df66acfe9de33a573bef1c0a1b18d18cc698',
47 silly resolved     bugs: { url: 'https://github.com/flatiron/prompt/issues' },
47 silly resolved     homepage: 'https://github.com/flatiron/prompt',
47 silly resolved     _id: 'prompt@0.2.14',
47 silly resolved     _shasum: '57754f64f543fd7b0845707c818ece618f05ffdc',
47 silly resolved     _from: 'prompt@',
47 silly resolved     _npmVersion: '1.4.23',
47 silly resolved     _npmUser: { name: 'jcrugzz', email: 'jcrugzz@gmail.com' },
47 silly resolved     dist:
47 silly resolved      { shasum: '57754f64f543fd7b0845707c818ece618f05ffdc',
47 silly resolved        tarball: 'http://registry.npmjs.org/prompt/-/prompt-0.2.14.tgz' },
47 silly resolved     directories: {},
47 silly resolved     _resolved: 'https://registry.npmjs.org/prompt/-/prompt-0.2.14.tgz' } ]
48 info install prompt@0.2.14 into /usr/lib
49 info installOne prompt@0.2.14
50 verbose lib/node_modules/prompt unbuild
51 verbose tar unpack /home/pi/.npm/prompt/0.2.14/package.tgz
52 silly lockFile 7ad99c0d-tar-usr-lib-node-modules-prompt tar:///usr/lib/node_modules/prompt
53 verbose lock tar:///usr/lib/node_modules/prompt /home/pi/.npm/7ad99c0d-tar-usr-lib-node-modules-prompt.lock
54 silly lockFile 11475d29-pi-npm-prompt-0-2-14-package-tgz tar:///home/pi/.npm/prompt/0.2.14/package.tgz
55 verbose lock tar:///home/pi/.npm/prompt/0.2.14/package.tgz /home/pi/.npm/11475d29-pi-npm-prompt-0-2-14-package-tgz.lock
56 silly gunzTarPerm modes [ '755', '644' ]
57 error Error: EACCES, mkdir '/usr/lib/node_modules/prompt'
57 error  { [Error: EACCES, mkdir '/usr/lib/node_modules/prompt']
57 error   errno: 3,
57 error   code: 'EACCES',
57 error   path: '/usr/lib/node_modules/prompt',
57 error   fstream_type: 'Directory',
57 error   fstream_path: '/usr/lib/node_modules/prompt',
57 error   fstream_class: 'DirWriter',
57 error   fstream_stack:
57 error    [ '/usr/lib/node_modules/npm/node_modules/fstream/lib/dir-writer.js:36:23',
57 error      '/usr/lib/node_modules/npm/node_modules/mkdirp/index.js:46:53',
57 error      'Object.oncomplete (fs.js:108:15)' ] }
58 error Please try running this command again as root/Administrator.
59 error System Linux 4.1.6-v7+
60 error command "/usr/bin/node" "/usr/bin/npm" "-g" "install" "prompt"
61 error cwd /home/pi/technetiumAR
62 error node -v v0.10.40
63 error npm -v 1.4.28
64 error path /usr/lib/node_modules/prompt
65 error fstream_path /usr/lib/node_modules/prompt
66 error fstream_type Directory
67 error fstream_class DirWriter
68 error code EACCES
69 error errno 3
70 error stack Error: EACCES, mkdir '/usr/lib/node_modules/prompt'
71 error fstream_stack /usr/lib/node_modules/npm/node_modules/fstream/lib/dir-writer.js:36:23
71 error fstream_stack /usr/lib/node_modules/npm/node_modules/mkdirp/index.js:46:53
71 error fstream_stack Object.oncomplete (fs.js:108:15)
72 verbose exit [ 3, true ]
